Determining if the pthread_create exist failed with the following output:
Change Dir: /home/nagaharish/Downloads/deepsdf-registration/pcl_normal/build/CMakeFiles/CMakeTmp

Run Build Command(s):/usr/bin/make cmTC_1ae93/fast 
/usr/bin/make -f CMakeFiles/cmTC_1ae93.dir/build.make CMakeFiles/cmTC_1ae93.dir/build
make[1]: Entering directory '/home/nagaharish/Downloads/deepsdf-registration/pcl_normal/build/CMakeFiles/CMakeTmp'
Building C object CMakeFiles/cmTC_1ae93.dir/CheckSymbolExists.c.o
/usr/bin/cc    -o CMakeFiles/cmTC_1ae93.dir/CheckSymbolExists.c.o   -c /home/nagaharish/Downloads/deepsdf-registration/pcl_normal/build/CMakeFiles/CMakeTmp/CheckSymbolExists.c
Linking C executable cmTC_1ae93
/usr/local/bin/cmake -E cmake_link_script CMakeFiles/cmTC_1ae93.dir/link.txt --verbose=1
/usr/bin/cc      -rdynamic CMakeFiles/cmTC_1ae93.dir/CheckSymbolExists.c.o  -o cmTC_1ae93 
CMakeFiles/cmTC_1ae93.dir/CheckSymbolExists.c.o: In function `main':
CheckSymbolExists.c:(.text+0x16): undefined reference to `pthread_create'
collect2: error: ld returned 1 exit status
CMakeFiles/cmTC_1ae93.dir/build.make:86: recipe for target 'cmTC_1ae93' failed
make[1]: *** [cmTC_1ae93] Error 1
make[1]: Leaving directory '/home/nagaharish/Downloads/deepsdf-registration/pcl_normal/build/CMakeFiles/CMakeTmp'
Makefile:121: recipe for target 'cmTC_1ae93/fast' failed
make: *** [cmTC_1ae93/fast] Error 2

File /home/nagaharish/Downloads/deepsdf-registration/pcl_normal/build/CMakeFiles/CMakeTmp/CheckSymbolExists.c:
/* */
#include <pthread.h>

int main(int argc, char** argv)
{
  (void)argv;
#ifndef pthread_create
  return ((int*)(&pthread_create))[argc];
#else
  (void)argc;
  return 0;
#endif
}

Determining if the function pthread_create exists in the pthreads failed with the following output:
Change Dir: /home/nagaharish/Downloads/deepsdf-registration/pcl_normal/build/CMakeFiles/CMakeTmp

Run Build Command(s):/usr/bin/make cmTC_ce942/fast 
/usr/bin/make -f CMakeFiles/cmTC_ce942.dir/build.make CMakeFiles/cmTC_ce942.dir/build
make[1]: Entering directory '/home/nagaharish/Downloads/deepsdf-registration/pcl_normal/build/CMakeFiles/CMakeTmp'
Building C object CMakeFiles/cmTC_ce942.dir/CheckFunctionExists.c.o
/usr/bin/cc   -DCHECK_FUNCTION_EXISTS=pthread_create   -o CMakeFiles/cmTC_ce942.dir/CheckFunctionExists.c.o   -c /usr/local/share/cmake-3.14/Modules/CheckFunctionExists.c
Linking C executable cmTC_ce942
/usr/local/bin/cmake -E cmake_link_script CMakeFiles/cmTC_ce942.dir/link.txt --verbose=1
/usr/bin/cc  -DCHECK_FUNCTION_EXISTS=pthread_create    -rdynamic CMakeFiles/cmTC_ce942.dir/CheckFunctionExists.c.o  -o cmTC_ce942 -lpthreads 
/usr/bin/ld: cannot find -lpthreads
collect2: error: ld returned 1 exit status
CMakeFiles/cmTC_ce942.dir/build.make:86: recipe for target 'cmTC_ce942' failed
make[1]: *** [cmTC_ce942] Error 1
make[1]: Leaving directory '/home/nagaharish/Downloads/deepsdf-registration/pcl_normal/build/CMakeFiles/CMakeTmp'
Makefile:121: recipe for target 'cmTC_ce942/fast' failed
make: *** [cmTC_ce942/fast] Error 2


